2025-10-25 23:33:22,109 - INFO - Starting full coffee shop data upload from OSM only
2025-10-25 23:33:22,109 - INFO - Using database: jean-pierrebenavidescruzatte@localhost:5433/bitch
2025-10-25 23:33:23,532 - INFO - Database connection established successfully
2025-10-25 23:33:23,532 - INFO - Scraping OSM coffee shops in Manhattan, New York City
2025-10-25 23:33:23,539 - INFO - Found 1178 coffee shops from OSM
2025-10-25 23:33:23,539 - INFO - Total scraped: 1178 coffee shops from OSM
2025-10-25 23:33:23,656 - INFO - Processed 1176 coffee shops from OSM within Manhattan
2025-10-25 23:33:51,124 - INFO - Removed 10 duplicates
2025-10-25 23:33:51,134 - INFO - CSV backup saved as /Users/jean-pierrebenavidescruzatte/Desktop/Roast-App/databaseScript/cafe_data_backup.csv
2025-10-25 23:33:51,135 - INFO - Uploading 1166 records to database
2025-10-25 23:33:51,135 - INFO - Creating backup of existing data
2025-10-25 23:33:51,138 - WARNING - Could not create backup (table might not exist yet): (psycopg2.errors.UndefinedTable) relation "coffees" does not exist
LINE 1: SELECT COUNT(*) FROM coffees
                             ^

[SQL: SELECT COUNT(*) FROM coffees]
(Background on this error at: https://sqlalche.me/e/20/f405)
2025-10-25 23:33:51,139 - ERROR - Error during database upload, transaction rolled back: (psycopg2.errors.UndefinedTable) relation "coffees" does not exist

[SQL: TRUNCATE TABLE coffees RESTART IDENTITY CASCADE]
(Background on this error at: https://sqlalche.me/e/20/f405)
2025-10-25 23:33:51,139 - INFO - Attempting fallback: append to existing table structure
2025-10-25 23:33:51,272 - ERROR - Error uploading data to database: (psycopg2.ProgrammingError) can't adapt type 'dict'
[SQL: INSERT INTO coffees (coffeepk, lat, lon, name, city, state, street, rating, numofratings, tile) VALUES (%(coffeepk__0)s, %(lat__0)s, %(lon__0)s, %(name__0)s, %(city__0)s, %(state__0)s, %(street__0)s, %(rating__0)s, %(numofratings__0)s, %(tile__0)s),  ... 165651 characters truncated ... city__999)s, %(state__999)s, %(street__999)s, %(rating__999)s, %(numofratings__999)s, %(tile__999)s)]
[parameters: {'street__0': 'Unknown Street', 'numofratings__0': 0, 'rating__0': 0.0, 'lon__0': -73.9431823, 'tile__0': {'x': 9653, 'y': 12308, 'z': 15}, 'coffeepk__0': 1, 'name__0': 'Lenox Coffee', 'state__0': 'NY', 'lat__0': 40.810011, 'city__0': 'New York', 'street__1': 'Battery Park Plaza 1', 'numofratings__1': 0, 'rating__1': 0.0, 'lon__1': -74.0141339, 'tile__1': {'x': 9647, 'y': 12321, 'z': 15}, 'coffeepk__1': 2, 'name__1': 'Starbucks', 'state__1': 'NY', 'lat__1': 40.7032771, 'city__1': 'New York', 'street__2': '3rd Avenue 564', 'numofratings__2': 0, 'rating__2': 0.0, 'lon__2': -73.9766084, 'tile__2': {'x': 9650, 'y': 12315, 'z': 15}, 'coffeepk__2': 3, 'name__2': 'Cafe Delecctica', 'state__2': 'NY', 'lat__2': 40.7481687, 'city__2': 'New York', 'street__3': 'West 35th Street 225', 'numofratings__3': 0, 'rating__3': 0.0, 'lon__3': -73.9911323, 'tile__3': {'x': 9649, 'y': 12315, 'z': 15}, 'coffeepk__3': 4, 'name__3': 'Best Bagel & Coffee', 'state__3': 'NY', 'lat__3': 40.7522171, 'city__3': 'New York', 'street__4': 'East 48th Street 6', 'numofratings__4': 0, 'rating__4': 0.0, 'lon__4': -73.977893, 'tile__4': {'x': 9650, 'y': 12314, 'z': 15}, 'coffeepk__4': 5, 'name__4': 'Toasties', 'state__4': 'NY', 'lat__4': 40.757084, 'city__4': 'New York' ... 9900 parameters truncated ... 'street__995': '3rd Avenue 1654', 'numofratings__995': 0, 'rating__995': 0.0, 'lon__995': -73.9511138, 'tile__995': {'x': 9652, 'y': 12311, 'z': 15}, 'coffeepk__995': 1004, 'name__995': 'Increpeable', 'state__995': 'NY', 'lat__995': 40.7830689, 'city__995': 'New York', 'street__996': '3rd Avenue 491', 'numofratings__996': 0, 'rating__996': 0.0, 'lon__996': -73.9783409, 'tile__996': {'x': 9650, 'y': 12316, 'z': 15}, 'coffeepk__996': 1005, 'name__996': 'Gold Coffee', 'state__996': 'NY', 'lat__996': 40.7451244, 'city__996': 'New York', 'street__997': 'Broadway 2461', 'numofratings__997': 0, 'rating__997': 0.0, 'lon__997': -73.9742519, 'tile__997': {'x': 9650, 'y': 12310, 'z': 15}, 'coffeepk__997': 1006, 'name__997': 'Blank Street Coffee', 'state__997': 'NY', 'lat__997': 40.791758, 'city__997': 'New York', 'street__998': 'Unknown Street', 'numofratings__998': 0, 'rating__998': 0.0, 'lon__998': -73.9802923, 'tile__998': {'x': 9650, 'y': 12312, 'z': 15}, 'coffeepk__998': 1007, 'name__998': 'Frame', 'state__998': 'NY', 'lat__998': 40.7800682, 'city__998': 'New York', 'street__999': 'Unknown Street', 'numofratings__999': 0, 'rating__999': 0.0, 'lon__999': -73.9794012, 'tile__999': {'x': 9650, 'y': 12311, 'z': 15}, 'coffeepk__999': 1008, 'name__999': 'Joe & The Juice', 'state__999': 'NY', 'lat__999': 40.7813256, 'city__999': 'New York'}]
(Background on this error at: https://sqlalche.me/e/20/f405)
2025-10-25 23:33:51,272 - ERROR - Upload failed
2025-10-25 23:35:34,476 - INFO - Starting full coffee shop data upload from OSM only
2025-10-25 23:35:34,476 - INFO - Using database: jean-pierrebenavidescruzatte@localhost:5433/bitch
2025-10-25 23:35:34,734 - INFO - Database connection established successfully
2025-10-25 23:35:34,740 - INFO - Coffees table created or already exists.
2025-10-25 23:35:34,740 - INFO - Scraping OSM coffee shops in Manhattan, New York City
2025-10-25 23:35:34,745 - INFO - Found 1178 coffee shops from OSM
2025-10-25 23:35:34,745 - INFO - Total scraped: 1178 coffee shops from OSM
2025-10-25 23:35:34,851 - INFO - Processed 1176 coffee shops from OSM within Manhattan
2025-10-25 23:36:02,560 - INFO - Removed 10 duplicates
2025-10-25 23:36:02,574 - INFO - CSV backup saved as /Users/jean-pierrebenavidescruzatte/Desktop/Roast-App/databaseScript/cafe_data_backup.csv
2025-10-25 23:36:02,574 - INFO - Uploading 1166 records to database
2025-10-25 23:36:02,574 - INFO - Creating backup of existing data
2025-10-25 23:36:02,577 - INFO - No existing data to backup
2025-10-25 23:36:02,597 - ERROR - Error during database upload, transaction rolled back: (psycopg2.ProgrammingError) can't adapt type 'dict'
[SQL: INSERT INTO coffees (coffeepk, lat, lon, name, city, state, street, rating, numofratings, tile) VALUES (%(coffeepk__0)s, %(lat__0)s, %(lon__0)s, %(name__0)s, %(city__0)s, %(state__0)s, %(street__0)s, %(rating__0)s, %(numofratings__0)s, %(tile__0)s),  ... 165651 characters truncated ... city__999)s, %(state__999)s, %(street__999)s, %(rating__999)s, %(numofratings__999)s, %(tile__999)s)]
[parameters: {'coffeepk__0': 1, 'city__0': 'New York', 'rating__0': 0.0, 'street__0': 'Unknown Street', 'lat__0': 40.810011, 'tile__0': {'x': 9653, 'y': 12308, 'z': 15}, 'name__0': 'Lenox Coffee', 'state__0': 'NY', 'numofratings__0': 0, 'lon__0': -73.9431823, 'coffeepk__1': 2, 'city__1': 'New York', 'rating__1': 0.0, 'street__1': 'Battery Park Plaza 1', 'lat__1': 40.7032771, 'tile__1': {'x': 9647, 'y': 12321, 'z': 15}, 'name__1': 'Starbucks', 'state__1': 'NY', 'numofratings__1': 0, 'lon__1': -74.0141339, 'coffeepk__2': 3, 'city__2': 'New York', 'rating__2': 0.0, 'street__2': '3rd Avenue 564', 'lat__2': 40.7481687, 'tile__2': {'x': 9650, 'y': 12315, 'z': 15}, 'name__2': 'Cafe Delecctica', 'state__2': 'NY', 'numofratings__2': 0, 'lon__2': -73.9766084, 'coffeepk__3': 4, 'city__3': 'New York', 'rating__3': 0.0, 'street__3': 'West 35th Street 225', 'lat__3': 40.7522171, 'tile__3': {'x': 9649, 'y': 12315, 'z': 15}, 'name__3': 'Best Bagel & Coffee', 'state__3': 'NY', 'numofratings__3': 0, 'lon__3': -73.9911323, 'coffeepk__4': 5, 'city__4': 'New York', 'rating__4': 0.0, 'street__4': 'East 48th Street 6', 'lat__4': 40.757084, 'tile__4': {'x': 9650, 'y': 12314, 'z': 15}, 'name__4': 'Toasties', 'state__4': 'NY', 'numofratings__4': 0, 'lon__4': -73.977893 ... 9900 parameters truncated ... 'coffeepk__995': 1004, 'city__995': 'New York', 'rating__995': 0.0, 'street__995': '3rd Avenue 1654', 'lat__995': 40.7830689, 'tile__995': {'x': 9652, 'y': 12311, 'z': 15}, 'name__995': 'Increpeable', 'state__995': 'NY', 'numofratings__995': 0, 'lon__995': -73.9511138, 'coffeepk__996': 1005, 'city__996': 'New York', 'rating__996': 0.0, 'street__996': '3rd Avenue 491', 'lat__996': 40.7451244, 'tile__996': {'x': 9650, 'y': 12316, 'z': 15}, 'name__996': 'Gold Coffee', 'state__996': 'NY', 'numofratings__996': 0, 'lon__996': -73.9783409, 'coffeepk__997': 1006, 'city__997': 'New York', 'rating__997': 0.0, 'street__997': 'Broadway 2461', 'lat__997': 40.791758, 'tile__997': {'x': 9650, 'y': 12310, 'z': 15}, 'name__997': 'Blank Street Coffee', 'state__997': 'NY', 'numofratings__997': 0, 'lon__997': -73.9742519, 'coffeepk__998': 1007, 'city__998': 'New York', 'rating__998': 0.0, 'street__998': 'Unknown Street', 'lat__998': 40.7800682, 'tile__998': {'x': 9650, 'y': 12312, 'z': 15}, 'name__998': 'Frame', 'state__998': 'NY', 'numofratings__998': 0, 'lon__998': -73.9802923, 'coffeepk__999': 1008, 'city__999': 'New York', 'rating__999': 0.0, 'street__999': 'Unknown Street', 'lat__999': 40.7813256, 'tile__999': {'x': 9650, 'y': 12311, 'z': 15}, 'name__999': 'Joe & The Juice', 'state__999': 'NY', 'numofratings__999': 0, 'lon__999': -73.9794012}]
(Background on this error at: https://sqlalche.me/e/20/f405)
2025-10-25 23:36:02,598 - INFO - Attempting fallback: append to existing table structure
2025-10-25 23:36:02,648 - ERROR - Error uploading data to database: (psycopg2.ProgrammingError) can't adapt type 'dict'
[SQL: INSERT INTO coffees (coffeepk, lat, lon, name, city, state, street, rating, numofratings, tile) VALUES (%(coffeepk__0)s, %(lat__0)s, %(lon__0)s, %(name__0)s, %(city__0)s, %(state__0)s, %(street__0)s, %(rating__0)s, %(numofratings__0)s, %(tile__0)s),  ... 165651 characters truncated ... city__999)s, %(state__999)s, %(street__999)s, %(rating__999)s, %(numofratings__999)s, %(tile__999)s)]
[parameters: {'coffeepk__0': 1, 'city__0': 'New York', 'rating__0': 0.0, 'street__0': 'Unknown Street', 'lat__0': 40.810011, 'tile__0': {'x': 9653, 'y': 12308, 'z': 15}, 'name__0': 'Lenox Coffee', 'state__0': 'NY', 'numofratings__0': 0, 'lon__0': -73.9431823, 'coffeepk__1': 2, 'city__1': 'New York', 'rating__1': 0.0, 'street__1': 'Battery Park Plaza 1', 'lat__1': 40.7032771, 'tile__1': {'x': 9647, 'y': 12321, 'z': 15}, 'name__1': 'Starbucks', 'state__1': 'NY', 'numofratings__1': 0, 'lon__1': -74.0141339, 'coffeepk__2': 3, 'city__2': 'New York', 'rating__2': 0.0, 'street__2': '3rd Avenue 564', 'lat__2': 40.7481687, 'tile__2': {'x': 9650, 'y': 12315, 'z': 15}, 'name__2': 'Cafe Delecctica', 'state__2': 'NY', 'numofratings__2': 0, 'lon__2': -73.9766084, 'coffeepk__3': 4, 'city__3': 'New York', 'rating__3': 0.0, 'street__3': 'West 35th Street 225', 'lat__3': 40.7522171, 'tile__3': {'x': 9649, 'y': 12315, 'z': 15}, 'name__3': 'Best Bagel & Coffee', 'state__3': 'NY', 'numofratings__3': 0, 'lon__3': -73.9911323, 'coffeepk__4': 5, 'city__4': 'New York', 'rating__4': 0.0, 'street__4': 'East 48th Street 6', 'lat__4': 40.757084, 'tile__4': {'x': 9650, 'y': 12314, 'z': 15}, 'name__4': 'Toasties', 'state__4': 'NY', 'numofratings__4': 0, 'lon__4': -73.977893 ... 9900 parameters truncated ... 'coffeepk__995': 1004, 'city__995': 'New York', 'rating__995': 0.0, 'street__995': '3rd Avenue 1654', 'lat__995': 40.7830689, 'tile__995': {'x': 9652, 'y': 12311, 'z': 15}, 'name__995': 'Increpeable', 'state__995': 'NY', 'numofratings__995': 0, 'lon__995': -73.9511138, 'coffeepk__996': 1005, 'city__996': 'New York', 'rating__996': 0.0, 'street__996': '3rd Avenue 491', 'lat__996': 40.7451244, 'tile__996': {'x': 9650, 'y': 12316, 'z': 15}, 'name__996': 'Gold Coffee', 'state__996': 'NY', 'numofratings__996': 0, 'lon__996': -73.9783409, 'coffeepk__997': 1006, 'city__997': 'New York', 'rating__997': 0.0, 'street__997': 'Broadway 2461', 'lat__997': 40.791758, 'tile__997': {'x': 9650, 'y': 12310, 'z': 15}, 'name__997': 'Blank Street Coffee', 'state__997': 'NY', 'numofratings__997': 0, 'lon__997': -73.9742519, 'coffeepk__998': 1007, 'city__998': 'New York', 'rating__998': 0.0, 'street__998': 'Unknown Street', 'lat__998': 40.7800682, 'tile__998': {'x': 9650, 'y': 12312, 'z': 15}, 'name__998': 'Frame', 'state__998': 'NY', 'numofratings__998': 0, 'lon__998': -73.9802923, 'coffeepk__999': 1008, 'city__999': 'New York', 'rating__999': 0.0, 'street__999': 'Unknown Street', 'lat__999': 40.7813256, 'tile__999': {'x': 9650, 'y': 12311, 'z': 15}, 'name__999': 'Joe & The Juice', 'state__999': 'NY', 'numofratings__999': 0, 'lon__999': -73.9794012}]
(Background on this error at: https://sqlalche.me/e/20/f405)
2025-10-25 23:36:02,648 - ERROR - Upload failed
2025-10-25 23:37:13,145 - INFO - Starting full coffee shop data upload from OSM only
2025-10-25 23:37:13,145 - INFO - Using database: jean-pierrebenavidescruzatte@localhost:5433/bitch
2025-10-25 23:37:13,235 - INFO - Database connection established successfully
2025-10-25 23:37:13,240 - INFO - Coffees table created or already exists.
2025-10-25 23:37:13,240 - INFO - Scraping OSM coffee shops in Manhattan, New York City
2025-10-25 23:37:13,243 - INFO - Found 1178 coffee shops from OSM
2025-10-25 23:37:13,243 - INFO - Total scraped: 1178 coffee shops from OSM
2025-10-25 23:37:13,342 - INFO - Processed 1176 coffee shops from OSM within Manhattan
2025-10-25 23:38:10,598 - INFO - Removed 10 duplicates
2025-10-25 23:38:10,644 - INFO - CSV backup saved as /Users/jean-pierrebenavidescruzatte/Desktop/Roast-App/databaseScript/cafe_data_backup.csv
2025-10-25 23:38:10,644 - INFO - Uploading 1166 records to database
2025-10-25 23:38:10,644 - INFO - Creating backup of existing data
2025-10-25 23:38:10,657 - INFO - No existing data to backup
2025-10-25 23:38:10,715 - ERROR - Error during database upload, transaction rolled back: (psycopg2.ProgrammingError) can't adapt type 'dict'
[SQL: INSERT INTO coffees (coffeepk, lat, lon, name, city, state, street, rating, numofratings, tile) VALUES (%(coffeepk__0)s, %(lat__0)s, %(lon__0)s, %(name__0)s, %(city__0)s, %(state__0)s, %(street__0)s, %(rating__0)s, %(numofratings__0)s, %(tile__0)s),  ... 165651 characters truncated ... city__999)s, %(state__999)s, %(street__999)s, %(rating__999)s, %(numofratings__999)s, %(tile__999)s)]
[parameters: {'tile__0': {'x': 9653, 'y': 12308, 'z': 15}, 'name__0': 'Lenox Coffee', 'rating__0': 0.0, 'city__0': 'New York', 'lat__0': 40.810011, 'state__0': 'NY', 'numofratings__0': 0, 'street__0': 'Unknown Street', 'coffeepk__0': 1, 'lon__0': -73.9431823, 'tile__1': {'x': 9647, 'y': 12321, 'z': 15}, 'name__1': 'Starbucks', 'rating__1': 0.0, 'city__1': 'New York', 'lat__1': 40.7032771, 'state__1': 'NY', 'numofratings__1': 0, 'street__1': 'Battery Park Plaza 1', 'coffeepk__1': 2, 'lon__1': -74.0141339, 'tile__2': {'x': 9650, 'y': 12315, 'z': 15}, 'name__2': 'Cafe Delecctica', 'rating__2': 0.0, 'city__2': 'New York', 'lat__2': 40.7481687, 'state__2': 'NY', 'numofratings__2': 0, 'street__2': '3rd Avenue 564', 'coffeepk__2': 3, 'lon__2': -73.9766084, 'tile__3': {'x': 9649, 'y': 12315, 'z': 15}, 'name__3': 'Best Bagel & Coffee', 'rating__3': 0.0, 'city__3': 'New York', 'lat__3': 40.7522171, 'state__3': 'NY', 'numofratings__3': 0, 'street__3': 'West 35th Street 225', 'coffeepk__3': 4, 'lon__3': -73.9911323, 'tile__4': {'x': 9650, 'y': 12314, 'z': 15}, 'name__4': 'Toasties', 'rating__4': 0.0, 'city__4': 'New York', 'lat__4': 40.757084, 'state__4': 'NY', 'numofratings__4': 0, 'street__4': 'East 48th Street 6', 'coffeepk__4': 5, 'lon__4': -73.977893 ... 9900 parameters truncated ... 'tile__995': {'x': 9652, 'y': 12311, 'z': 15}, 'name__995': 'Increpeable', 'rating__995': 0.0, 'city__995': 'New York', 'lat__995': 40.7830689, 'state__995': 'NY', 'numofratings__995': 0, 'street__995': '3rd Avenue 1654', 'coffeepk__995': 1004, 'lon__995': -73.9511138, 'tile__996': {'x': 9650, 'y': 12316, 'z': 15}, 'name__996': 'Gold Coffee', 'rating__996': 0.0, 'city__996': 'New York', 'lat__996': 40.7451244, 'state__996': 'NY', 'numofratings__996': 0, 'street__996': '3rd Avenue 491', 'coffeepk__996': 1005, 'lon__996': -73.9783409, 'tile__997': {'x': 9650, 'y': 12310, 'z': 15}, 'name__997': 'Blank Street Coffee', 'rating__997': 0.0, 'city__997': 'New York', 'lat__997': 40.791758, 'state__997': 'NY', 'numofratings__997': 0, 'street__997': 'Broadway 2461', 'coffeepk__997': 1006, 'lon__997': -73.9742519, 'tile__998': {'x': 9650, 'y': 12312, 'z': 15}, 'name__998': 'Frame', 'rating__998': 0.0, 'city__998': 'New York', 'lat__998': 40.7800682, 'state__998': 'NY', 'numofratings__998': 0, 'street__998': 'Unknown Street', 'coffeepk__998': 1007, 'lon__998': -73.9802923, 'tile__999': {'x': 9650, 'y': 12311, 'z': 15}, 'name__999': 'Joe & The Juice', 'rating__999': 0.0, 'city__999': 'New York', 'lat__999': 40.7813256, 'state__999': 'NY', 'numofratings__999': 0, 'street__999': 'Unknown Street', 'coffeepk__999': 1008, 'lon__999': -73.9794012}]
(Background on this error at: https://sqlalche.me/e/20/f405)
2025-10-25 23:38:10,716 - INFO - Attempting fallback: append to existing table structure
2025-10-25 23:38:10,797 - ERROR - Error uploading data to database: (psycopg2.ProgrammingError) can't adapt type 'dict'
[SQL: INSERT INTO coffees (coffeepk, lat, lon, name, city, state, street, rating, numofratings, tile) VALUES (%(coffeepk__0)s, %(lat__0)s, %(lon__0)s, %(name__0)s, %(city__0)s, %(state__0)s, %(street__0)s, %(rating__0)s, %(numofratings__0)s, %(tile__0)s),  ... 165651 characters truncated ... city__999)s, %(state__999)s, %(street__999)s, %(rating__999)s, %(numofratings__999)s, %(tile__999)s)]
[parameters: {'tile__0': {'x': 9653, 'y': 12308, 'z': 15}, 'name__0': 'Lenox Coffee', 'rating__0': 0.0, 'city__0': 'New York', 'lat__0': 40.810011, 'state__0': 'NY', 'numofratings__0': 0, 'street__0': 'Unknown Street', 'coffeepk__0': 1, 'lon__0': -73.9431823, 'tile__1': {'x': 9647, 'y': 12321, 'z': 15}, 'name__1': 'Starbucks', 'rating__1': 0.0, 'city__1': 'New York', 'lat__1': 40.7032771, 'state__1': 'NY', 'numofratings__1': 0, 'street__1': 'Battery Park Plaza 1', 'coffeepk__1': 2, 'lon__1': -74.0141339, 'tile__2': {'x': 9650, 'y': 12315, 'z': 15}, 'name__2': 'Cafe Delecctica', 'rating__2': 0.0, 'city__2': 'New York', 'lat__2': 40.7481687, 'state__2': 'NY', 'numofratings__2': 0, 'street__2': '3rd Avenue 564', 'coffeepk__2': 3, 'lon__2': -73.9766084, 'tile__3': {'x': 9649, 'y': 12315, 'z': 15}, 'name__3': 'Best Bagel & Coffee', 'rating__3': 0.0, 'city__3': 'New York', 'lat__3': 40.7522171, 'state__3': 'NY', 'numofratings__3': 0, 'street__3': 'West 35th Street 225', 'coffeepk__3': 4, 'lon__3': -73.9911323, 'tile__4': {'x': 9650, 'y': 12314, 'z': 15}, 'name__4': 'Toasties', 'rating__4': 0.0, 'city__4': 'New York', 'lat__4': 40.757084, 'state__4': 'NY', 'numofratings__4': 0, 'street__4': 'East 48th Street 6', 'coffeepk__4': 5, 'lon__4': -73.977893 ... 9900 parameters truncated ... 'tile__995': {'x': 9652, 'y': 12311, 'z': 15}, 'name__995': 'Increpeable', 'rating__995': 0.0, 'city__995': 'New York', 'lat__995': 40.7830689, 'state__995': 'NY', 'numofratings__995': 0, 'street__995': '3rd Avenue 1654', 'coffeepk__995': 1004, 'lon__995': -73.9511138, 'tile__996': {'x': 9650, 'y': 12316, 'z': 15}, 'name__996': 'Gold Coffee', 'rating__996': 0.0, 'city__996': 'New York', 'lat__996': 40.7451244, 'state__996': 'NY', 'numofratings__996': 0, 'street__996': '3rd Avenue 491', 'coffeepk__996': 1005, 'lon__996': -73.9783409, 'tile__997': {'x': 9650, 'y': 12310, 'z': 15}, 'name__997': 'Blank Street Coffee', 'rating__997': 0.0, 'city__997': 'New York', 'lat__997': 40.791758, 'state__997': 'NY', 'numofratings__997': 0, 'street__997': 'Broadway 2461', 'coffeepk__997': 1006, 'lon__997': -73.9742519, 'tile__998': {'x': 9650, 'y': 12312, 'z': 15}, 'name__998': 'Frame', 'rating__998': 0.0, 'city__998': 'New York', 'lat__998': 40.7800682, 'state__998': 'NY', 'numofratings__998': 0, 'street__998': 'Unknown Street', 'coffeepk__998': 1007, 'lon__998': -73.9802923, 'tile__999': {'x': 9650, 'y': 12311, 'z': 15}, 'name__999': 'Joe & The Juice', 'rating__999': 0.0, 'city__999': 'New York', 'lat__999': 40.7813256, 'state__999': 'NY', 'numofratings__999': 0, 'street__999': 'Unknown Street', 'coffeepk__999': 1008, 'lon__999': -73.9794012}]
(Background on this error at: https://sqlalche.me/e/20/f405)
2025-10-25 23:38:10,797 - ERROR - Upload failed
2025-10-25 23:52:18,264 - INFO - Starting full coffee shop data upload from OSM only
2025-10-25 23:52:18,264 - INFO - Using database: jean-pierrebenavidescruzatte@localhost:5433/bitch
2025-10-25 23:52:18,365 - INFO - Database connection established successfully
2025-10-25 23:52:18,366 - INFO - Coffees table created or already exists.
2025-10-25 23:52:18,366 - INFO - Scraping OSM coffee shops in Manhattan, New York City
2025-10-25 23:52:18,370 - INFO - Found 1178 coffee shops from OSM
2025-10-25 23:52:18,370 - INFO - Total scraped: 1178 coffee shops from OSM
2025-10-25 23:52:18,465 - INFO - Processed 1176 coffee shops from OSM within Manhattan
2025-10-25 23:52:39,827 - INFO - Starting full coffee shop data upload from OSM only
2025-10-25 23:52:39,827 - INFO - Using database: jean-pierrebenavidescruzatte@localhost:5433/bitch
2025-10-25 23:52:39,892 - INFO - Database connection established successfully
2025-10-25 23:52:39,909 - INFO - Coffees table created or already exists.
2025-10-25 23:52:39,909 - INFO - Scraping OSM coffee shops in Manhattan, New York City
2025-10-25 23:52:39,912 - INFO - Found 1178 coffee shops from OSM
2025-10-25 23:52:39,912 - INFO - Total scraped: 1178 coffee shops from OSM
2025-10-25 23:52:40,007 - INFO - Processed 1176 coffee shops from OSM within Manhattan
2025-10-25 23:53:17,169 - INFO - Starting full coffee shop data upload from OSM only
2025-10-25 23:53:17,170 - INFO - Using database: jean-pierrebenavidescruzatte@localhost:5433/bitch
2025-10-25 23:53:17,259 - INFO - Database connection established successfully
2025-10-25 23:53:17,261 - INFO - Coffees table created or already exists.
2025-10-25 23:53:17,261 - INFO - Scraping OSM coffee shops in Manhattan, New York City
2025-10-25 23:53:17,265 - INFO - Found 1178 coffee shops from OSM
2025-10-25 23:53:17,265 - INFO - Total scraped: 1178 coffee shops from OSM
2025-10-25 23:53:17,363 - INFO - Processed 1176 coffee shops from OSM within Manhattan
2025-10-25 23:53:46,724 - INFO - Removed 10 duplicates
2025-10-25 23:53:46,732 - INFO - CSV backup saved as /Users/jean-pierrebenavidescruzatte/Desktop/Roast-App/databaseScript/cafe_data_backup.csv
2025-10-25 23:53:46,732 - INFO - Uploading 1166 records to database
2025-10-25 23:53:46,732 - INFO - Creating backup of existing data
2025-10-25 23:53:46,735 - INFO - No existing data to backup
2025-10-25 23:53:46,790 - INFO - Data uploaded successfully
2025-10-25 23:53:46,790 - INFO - Full upload completed successfully!
2025-10-25 23:53:46,791 - INFO - Uploaded 1166 coffee shop records
